<?xml version="1.0" encoding="UTF-8"?>
<!-- Generated by org.testng.reporters.JUnitReportReporter -->
<testsuite hostname="DESKTOP-NNRVDRO" failures="0" tests="3" name="com.TestLayer.HomePageTest" time="0.000" errors="0" timestamp="2023-12-20T14:57:54 IST" skipped="3">
  <testcase classname="com.TestLayer.HomePageTest" name="validateHomePageLog" time="0.000">
    <skipped/>
  </testcase> <!-- validateHomePageLog -->
  <system-out/>
  <testcase classname="com.TestLayer.HomePageTest" name="validateHomePageTitle" time="0.000">
    <skipped/>
  </testcase> <!-- validateHomePageTitle -->
  <system-out/>
  <testcase classname="com.TestLayer.HomePageTest" name="validateHomePage" time="0.000">
    <skipped/>
  </testcase> <!-- validateHomePage -->
  <system-out/>
</testsuite> <!-- com.TestLayer.HomePageTest -->
